[15:07:27.372] [INFO] Storybook Upgrade - v9.1.2
[15:07:27.516] [INFO] detect-projects-spinner-start: Detecting projects...
[15:07:27.520] [DEBUG] Finding Storybook projects...
[15:07:28.806] [DEBUG] Found 1 Storybook projects
[15:07:28.807] [INFO] detect-projects-spinner: Detecting projects: 1 projects
[15:07:28.807] [DEBUG] Getting Storybook data...
[15:07:28.807] [DEBUG] Getting Storybook info...
[15:07:28.808] [DEBUG] Loading main config...
[15:07:29.030] [DEBUG] Getting stories paths...
[15:07:29.084] [DEBUG] Getting package manager...
[15:07:29.493] [DEBUG] Getting Storybook version...
[15:07:29.495] [DEBUG] C:/Users/Ext.Henschke.Monika/storybook-addon-angular-router/.storybook - Validating before version... 8.0.4
[15:07:29.495] [DEBUG] C:/Users/Ext.Henschke.Monika/storybook-addon-angular-router/.storybook - Validating upgrade compatibility...
[15:07:29.496] [DEBUG] C:/Users/Ext.Henschke.Monika/storybook-addon-angular-router/.storybook - Fetching NPM version information...
[15:07:29.496] [DEBUG] Getting CLI versions from NPM for storybook...
[15:07:29.505] [DEBUG] Getting CLI versions from NPM for storybook@next...
[15:07:30.905] [DEBUG] C:/Users/Ext.Henschke.Monika/storybook-addon-angular-router/.storybook - Evaluating blockers...
[15:07:30.910] [DEBUG] Getting installed version for @storybook/experimental-addon-test...
[15:07:33.629] [INFO] detect-projects-spinner-stop: 1 project detected
[15:07:33.630] [DEBUG] Found 1 valid projects and 0 error projects
[15:07:33.630] [INFO] Upgrading from 8.0.4 to 9.1.2
[15:07:33.763] [ERROR] Blockers detected

Storybook has found potential blockers that need to be resolved before upgrading:

Angular 18 support removed

Support for Angular < 18 has been removed.
Please see the migration guide for more information:

Affected projects: C:/Users/Ext.Henschke.Monika/storybook-addon-angular-router/.storybook

More information: https://angular.dev/update-guide

---

After addressing this, you can try running the upgrade command again. You can also rerun the upgrade command with the --force flag to skip the blocker check and to proceed with the upgrade.
[15:07:33.936] [INFO] Attention: Storybook now collects completely anonymous telemetry regarding usage. This information is used to shape Storybook's roadmap and prioritize features.
[15:07:34.078] [INFO] You can learn more, including how to opt-out if you'd not like to participate in this anonymous program, by visiting the following URL:
[15:07:34.230] [INFO] https://storybook.js.org/telemetry
[15:07:34.352] [INFO] 